i:\fcis\year 3\term2\graphics\project\[fps][4-5][team][semi-finale]\graphics l1\debug\tmp\vc120.pdb
i:\fcis\year 3\term2\graphics\project\[fps][4-5][team][semi-finale]\graphics l1\debug\tmp\vc120.idb
i:\fcis\year 3\term2\graphics\project\[fps][4-5][team][semi-finale]\graphics l1\debug\tmp\firstpersoncamera.obj
i:\fcis\year 3\term2\graphics\project\[fps][4-5][team][semi-finale]\graphics l1\debug\tmp\gun.obj
i:\fcis\year 3\term2\graphics\project\[fps][4-5][team][semi-finale]\graphics l1\debug\tmp\house.obj
i:\fcis\year 3\term2\graphics\project\[fps][4-5][team][semi-finale]\graphics l1\debug\tmp\md2leagueoflegend.obj
i:\fcis\year 3\term2\graphics\project\[fps][4-5][team][semi-finale]\graphics l1\debug\tmp\md3.obj
i:\fcis\year 3\term2\graphics\project\[fps][4-5][team][semi-finale]\graphics l1\debug\tmp\md5animation.obj
i:\fcis\year 3\term2\graphics\project\[fps][4-5][team][semi-finale]\graphics l1\debug\tmp\md5model.obj
i:\fcis\year 3\term2\graphics\project\[fps][4-5][team][semi-finale]\graphics l1\debug\tmp\player.obj
i:\fcis\year 3\term2\graphics\project\[fps][4-5][team][semi-finale]\graphics l1\debug\tmp\renderer.obj
i:\fcis\year 3\term2\graphics\project\[fps][4-5][team][semi-finale]\graphics l1\debug\tmp\keyframeanimationshader.obj
i:\fcis\year 3\term2\graphics\project\[fps][4-5][team][semi-finale]\graphics l1\debug\tmp\main.obj
i:\fcis\year 3\term2\graphics\project\[fps][4-5][team][semi-finale]\graphics l1\debug\tmp\md2model.obj
i:\fcis\year 3\term2\graphics\project\[fps][4-5][team][semi-finale]\graphics l1\debug\tmp\model.obj
i:\fcis\year 3\term2\graphics\project\[fps][4-5][team][semi-finale]\graphics l1\debug\tmp\model3d.obj
i:\fcis\year 3\term2\graphics\project\[fps][4-5][team][semi-finale]\graphics l1\debug\tmp\modelnode.obj
i:\fcis\year 3\term2\graphics\project\[fps][4-5][team][semi-finale]\graphics l1\debug\tmp\shaderprogram.obj
i:\fcis\year 3\term2\graphics\project\[fps][4-5][team][semi-finale]\graphics l1\debug\tmp\shader.obj
i:\fcis\year 3\term2\graphics\project\[fps][4-5][team][semi-finale]\graphics l1\debug\tmp\texture.obj
i:\fcis\year 3\term2\graphics\project\[fps][4-5][team][semi-finale]\graphics l1\debug\tmp\texturedmodel.obj
i:\fcis\year 3\term2\graphics\project\[fps][4-5][team][semi-finale]\graphics l1\debug\tmp\vertexbufferobject.obj
i:\fcis\year 3\term2\graphics\project\[fps][4-5][team][semi-finale]\graphics l1\debug\tmp\aaboundingbox.obj
i:\fcis\year 3\term2\graphics\project\[fps][4-5][team][semi-finale]\graphics l1\debug\tmp\applicationmanager.obj
i:\fcis\year 3\term2\graphics\project\[fps][4-5][team][semi-finale]\graphics l1\debug\tmp\bullet.obj
i:\fcis\year 3\term2\graphics\project\[fps][4-5][team][semi-finale]\graphics l1\debug\tmp\car.obj
i:\fcis\year 3\term2\graphics\project\[fps][4-5][team][semi-finale]\graphics l1\debug\tmp\enemy.obj
i:\fcis\year 3\term2\graphics\project\[fps][4-5][team][semi-finale]\graphics l1\debug\tmp\baseobject.obj
i:\fcis\year 3\term2\graphics\project\[fps][4-5][team][semi-finale]\graphics l1\debug\tmp\collidablemodel.obj
i:\fcis\year 3\term2\graphics\project\[fps][4-5][team][semi-finale]\graphics l1\debug\tmp\collisionmanager.obj
i:\fcis\year 3\term2\graphics\project\[fps][4-5][team][semi-finale]\graphics l1\debug\tmp\stb_image.obj
i:\fcis\year 3\term2\graphics\project\[fps][4-5][team][semi-finale]\debug\graphics l1.ilk
i:\fcis\year 3\term2\graphics\project\[fps][4-5][team][semi-finale]\debug\graphics l1.exe
i:\fcis\year 3\term2\graphics\project\[fps][4-5][team][semi-finale]\debug\graphics l1.pdb
i:\fcis\year 3\term2\graphics\project\[fps][4-5][team][semi-finale]\graphics l1\debug\tmp\vc140.idb
i:\fcis\year 3\term2\graphics\project\[fps][4-5][team][semi-finale]\graphics l1\debug\tmp\vc140.pdb
i:\fcis\year 3\term2\graphics\project\[fps][4-5][team][semi-finale]\graphics l1\debug\tmp\graphics l1.tlog\cl.command.1.tlog
i:\fcis\year 3\term2\graphics\project\[fps][4-5][team][semi-finale]\graphics l1\debug\tmp\graphics l1.tlog\cl.read.1.tlog
i:\fcis\year 3\term2\graphics\project\[fps][4-5][team][semi-finale]\graphics l1\debug\tmp\graphics l1.tlog\cl.write.1.tlog
i:\fcis\year 3\term2\graphics\project\[fps][4-5][team][semi-finale]\graphics l1\debug\tmp\graphics l1.tlog\link.command.1.tlog
i:\fcis\year 3\term2\graphics\project\[fps][4-5][team][semi-finale]\graphics l1\debug\tmp\graphics l1.tlog\link.read.1.tlog
i:\fcis\year 3\term2\graphics\project\[fps][4-5][team][semi-finale]\graphics l1\debug\tmp\graphics l1.tlog\link.write.1.tlog
